# JRE version: Java(TM) SE Runtime Environment (7.0_65-b19) (build 1.7.0_65-b19)
# Java VM: Java HotSpot(TM) Client VM (24.65-b04 mixed mode, sharing windows-x86 )
Heap
 def new generation   total 4928K, used 4489K [0x23400000, 0x23950000, 0x28950000)
  eden space 4416K,  99% used [0x23400000, 0x2384ea18, 0x23850000)
  from space 512K,  15% used [0x238d0000, 0x238e3c28, 0x23950000)
  to   space 512K,   7% used [0x23850000, 0x23859d28, 0x238d0000)
 tenured generation   total 10944K, used 4301K [0x28950000, 0x29400000, 0x33400000)
   the space 10944K,  39% used [0x28950000, 0x28d83620, 0x28d83800, 0x29400000)
 compacting perm gen  total 12288K, used 1594K [0x33400000, 0x34000000, 0x37400000)
   the space 12288K,  12% used [0x33400000, 0x3358ebb8, 0x3358ec00, 0x34000000)
    ro space 10240K,  44% used [0x37400000, 0x3787a688, 0x3787a800, 0x37e00000)
    rw space 12288K,  52% used [0x37e00000, 0x38454170, 0x38454200, 0x38a00000)
GC Heap History (7 events):
Event: 0.218 GC heap before
{Heap before GC invocations=0 (full 0):
 def new generation   total 4928K, used 2643K [0x23400000, 0x23950000, 0x28950000)
  eden space 4416K,  59% used [0x23400000, 0x23694d30, 0x23850000)
  from space 512K,   0% used [0x23850000, 0x23850000, 0x238d0000)
  to   space 512K,   0% used [0x238d0000, 0x238d0000, 0x23950000)
 tenured generation   total 10944K, used 0K [0x28950000, 0x29400000, 0x33400000)
   the space 10944K,   0% used [0x28950000, 0x28950000, 0x28950200, 0x29400000)
 compacting perm gen  total 12288K, used 1218K [0x33400000, 0x34000000, 0x37400000)
   the space 12288K,   9% used [0x33400000, 0x33530a20, 0x33530c00, 0x34000000)
    ro space 10240K,  44% used [0x37400000, 0x3787a688, 0x3787a800, 0x37e00000)
    rw space 12288K,  52% used [0x37e00000, 0x38454170, 0x38454200, 0x38a00000)
Event: 0.225 GC heap after
Heap after GC invocations=1 (full 0):
 def new generation   total 4928K, used 512K [0x23400000, 0x23950000, 0x28950000)
  eden space 4416K,   0% used [0x23400000, 0x23400000, 0x23850000)
  from space 512K, 100% used [0x238d0000, 0x23950000, 0x23950000)
  to   space 512K,   0% used [0x23850000, 0x23850000, 0x238d0000)
 tenured generation   total 10944K, used 417K [0x28950000, 0x29400000, 0x33400000)
   the space 10944K,   3% used [0x28950000, 0x289b8688, 0x289b8800, 0x29400000)
 compacting perm gen  total 12288K, used 1218K [0x33400000, 0x34000000, 0x37400000)
   the space 12288K,   9% used [0x33400000, 0x33530a20, 0x33530c00, 0x34000000)
    ro space 10240K,  44% used [0x37400000, 0x3787a688, 0x3787a800, 0x37e00000)
    rw space 12288K,  52% used [0x37e00000, 0x38454170, 0x38454200, 0x38a00000)
}
Event: 0.248 GC heap before
{Heap before GC invocations=1 (full 0):
 def new generation   total 4928K, used 4928K [0x23400000, 0x23950000, 0x28950000)
  eden space 4416K, 100% used [0x23400000, 0x23850000, 0x23850000)
  from space 512K, 100% used [0x238d0000, 0x23950000, 0x23950000)
  to   space 512K,   0% used [0x23850000, 0x23850000, 0x238d0000)
 tenured generation   total 10944K, used 417K [0x28950000, 0x29400000, 0x33400000)
   the space 10944K,   3% used [0x28950000, 0x289b8688, 0x289b8800, 0x29400000)
 compacting perm gen  total 12288K, used 1219K [0x33400000, 0x34000000, 0x37400000)
   the space 12288K,   9% used [0x33400000, 0x33530f90, 0x33531000, 0x34000000)
    ro space 10240K,  44% used [0x37400000, 0x3787a688, 0x3787a800, 0x37e00000)
    rw space 12288K,  52% used [0x37e00000, 0x38454170, 0x38454200, 0x38a00000)
Event: 0.255 GC heap after
Heap after GC invocations=2 (full 0):
 def new generation   total 4928K, used 0K [0x23400000, 0x23950000, 0x28950000)
  eden space 4416K,   0% used [0x23400000, 0x23400000, 0x23850000)
  from space 512K,   0% used [0x23850000, 0x23850220, 0x238d0000)
  to   space 512K,   0% used [0x238d0000, 0x238d0000, 0x23950000)
 tenured generation   total 10944K, used 4301K [0x28950000, 0x29400000, 0x33400000)
   the space 10944K,  39% used [0x28950000, 0x28d83620, 0x28d83800, 0x29400000)
 compacting perm gen  total 12288K, used 1219K [0x33400000, 0x34000000, 0x37400000)
   the space 12288K,   9% used [0x33400000, 0x33530f90, 0x33531000, 0x34000000)
    ro space 10240K,  44% used [0x37400000, 0x3787a688, 0x3787a800, 0x37e00000)
    rw space 12288K,  52% used [0x37e00000, 0x38454170, 0x38454200, 0x38a00000)
}
Event: 0.352 GC heap before
{Heap before GC invocations=2 (full 0):
 def new generation   total 4928K, used 3642K [0x23400000, 0x23950000, 0x28950000)
  eden space 4416K,  82% used [0x23400000, 0x2378e890, 0x23850000)
  from space 512K,   0% used [0x23850000, 0x23850220, 0x238d0000)
  to   space 512K,   0% used [0x238d0000, 0x238d0000, 0x23950000)
 tenured generation   total 10944K, used 4301K [0x28950000, 0x29400000, 0x33400000)
   the space 10944K,  39% used [0x28950000, 0x28d83620, 0x28d83800, 0x29400000)
 compacting perm gen  total 12288K, used 1360K [0x33400000, 0x34000000, 0x37400000)
   the space 12288K,  11% used [0x33400000, 0x335541f8, 0x33554200, 0x34000000)
    ro space 10240K,  44% used [0x37400000, 0x3787a688, 0x3787a800, 0x37e00000)
    rw space 12288K,  52% used [0x37e00000, 0x38454170, 0x38454200, 0x38a00000)
Event: 0.354 GC heap after
Heap after GC invocations=3 (full 0):
 def new generation   total 4928K, used 79K [0x23400000, 0x23950000, 0x28950000)
  eden space 4416K,   0% used [0x23400000, 0x23400000, 0x23850000)
  from space 512K,  15% used [0x238d0000, 0x238e3c28, 0x23950000)
  to   space 512K,   0% used [0x23850000, 0x23850000, 0x238d0000)
 tenured generation   total 10944K, used 4301K [0x28950000, 0x29400000, 0x33400000)
   the space 10944K,  39% used [0x28950000, 0x28d83620, 0x28d83800, 0x29400000)
 compacting perm gen  total 12288K, used 1360K [0x33400000, 0x34000000, 0x37400000)
   the space 12288K,  11% used [0x33400000, 0x335541f8, 0x33554200, 0x34000000)
    ro space 10240K,  44% used [0x37400000, 0x3787a688, 0x3787a800, 0x37e00000)
    rw space 12288K,  52% used [0x37e00000, 0x38454170, 0x38454200, 0x38a00000)
}
Event: 7.123 GC heap before
{Heap before GC invocations=3 (full 0):
 def new generation   total 4928K, used 4489K [0x23400000, 0x23950000, 0x28950000)
  eden space 4416K,  99% used [0x23400000, 0x2384ea18, 0x23850000)
  from space 512K,  15% used [0x238d0000, 0x238e3c28, 0x23950000)
  to   space 512K,   0% used [0x23850000, 0x23850000, 0x238d0000)
 tenured generation   total 10944K, used 4301K [0x28950000, 0x29400000, 0x33400000)
   the space 10944K,  39% used [0x28950000, 0x28d83620, 0x28d83800, 0x29400000)
 compacting perm gen  total 12288K, used 1594K [0x33400000, 0x34000000, 0x37400000)
   the space 12288K,  12% used [0x33400000, 0x3358ebb8, 0x3358ec00, 0x34000000)
    ro space 10240K,  44% used [0x37400000, 0x3787a688, 0x3787a800, 0x37e00000)
    rw space 12288K,  52% used [0x37e00000, 0x38454170, 0x38454200, 0x38a00000)

